{"numTotalTestSuites":19,"numPassedTestSuites":17,"numFailedTestSuites":2,"numPendingTestSuites":0,"numTotalTests":98,"numPassedTests":97,"numFailedTests":1,"numPendingTests":0,"numTodoTests":0,"snapshot":{"added":0,"failure":false,"filesAdded":0,"filesRemoved":0,"filesRemovedList":[],"filesUnmatched":0,"filesUpdated":0,"matched":0,"total":0,"unchecked":0,"uncheckedKeysByFile":[],"unmatched":0,"updated":0,"didUpdate":false},"startTime":1771775072215,"success":false,"testResults":[{"assertionResults":[{"ancestorTitles":["normalizeInput()"],"fullName":"normalizeInput() returns empty array for empty string","status":"passed","title":"returns empty array for empty string","duration":4.533099999999877,"failureMessages":[],"meta":{}},{"ancestorTitles":["normalizeInput()"],"fullName":"normalizeInput() returns empty array for null/undefined input","status":"passed","title":"returns empty array for null/undefined input","duration":0.8242000000000189,"failureMessages":[],"meta":{}},{"ancestorTitles":["normalizeInput()"],"fullName":"normalizeInput() lowercases and strips accents","status":"passed","title":"lowercases and strips accents","duration":2.633399999999938,"failureMessages":[],"meta":{}},{"ancestorTitles":["normalizeInput()"],"fullName":"normalizeInput() strips diacritics (é→e, è→e, ê→e, etc.)","status":"passed","title":"strips diacritics (é→e, è→e, ê→e, etc.)","duration":1.098799999999983,"failureMessages":[],"meta":{}},{"ancestorTitles":["normalizeInput()"],"fullName":"normalizeInput() splits apostrophes into separate tokens","status":"passed","title":"splits apostrophes into separate tokens","duration":0.9218999999998232,"failureMessages":[],"meta":{}},{"ancestorTitles":["normalizeInput()"],"fullName":"normalizeInput() removes punctuation","status":"passed","title":"removes punctuation","duration":1.258100000000013,"failureMessages":[],"meta":{}},{"ancestorTitles":["normalizeInput()"],"fullName":"normalizeInput() removes stop words","status":"passed","title":"removes stop words","duration":1.037599999999884,"failureMessages":[],"meta":{}},{"ancestorTitles":["normalizeInput()"],"fullName":"normalizeInput() drops single-character tokens","status":"passed","title":"drops single-character tokens","duration":0.5289000000000215,"failureMessages":[],"meta":{}},{"ancestorTitles":["normalizeInput()"],"fullName":"normalizeInput() handles multiple spaces","status":"passed","title":"handles multiple spaces","duration":1.0293000000001484,"failureMessages":[],"meta":{}},{"ancestorTitles":["normalizeInput()"],"fullName":"normalizeInput() deduplicates repeated tokens (regression: 1000× \"robot\")","status":"passed","title":"deduplicates repeated tokens (regression: 1000× \"robot\")","duration":4.367099999999937,"failureMessages":[],"meta":{}},{"ancestorTitles":["normalizeInput()"],"fullName":"normalizeInput() caps output at 30 tokens even for varied long input","status":"passed","title":"caps output at 30 tokens even for varied long input","duration":1.4002000000000407,"failureMessages":[],"meta":{}},{"ancestorTitles":["normalizeInputKeepPrepositions()"],"fullName":"normalizeInputKeepPrepositions() keeps prepositions like \"sur\"","status":"passed","title":"keeps prepositions like \"sur\"","duration":1.3332000000000335,"failureMessages":[],"meta":{}},{"ancestorTitles":["normalizeInputKeepPrepositions()"],"fullName":"normalizeInputKeepPrepositions() still strips accents and lowercases","status":"passed","title":"still strips accents and lowercases","duration":0.7997000000000298,"failureMessages":[],"meta":{}},{"ancestorTitles":["FRENCH_STOP_WORDS"],"fullName":"FRENCH_STOP_WORDS contains common articles","status":"passed","title":"contains common articles","duration":0.5308999999999742,"failureMessages":[],"meta":{}},{"ancestorTitles":["FRENCH_STOP_WORDS"],"fullName":"FRENCH_STOP_WORDS contains common pronouns","status":"passed","title":"contains common pronouns","duration":0.3089999999999691,"failureMessages":[],"meta":{}},{"ancestorTitles":["FRENCH_STOP_WORDS"],"fullName":"FRENCH_STOP_WORDS does NOT contain useful verb particles","status":"passed","title":"does NOT contain useful verb particles","duration":0.35439999999994143,"failureMessages":[],"meta":{}},{"ancestorTitles":["CURATED_FORMS"],"fullName":"CURATED_FORMS has at least 100 entries","status":"passed","title":"has at least 100 entries","duration":0.3125,"failureMessages":[],"meta":{}},{"ancestorTitles":["CURATED_FORMS"],"fullName":"CURATED_FORMS all values are valid VerbIds","status":"passed","title":"all values are valid VerbIds","duration":40.11079999999993,"failureMessages":[],"meta":{}},{"ancestorTitles":["CURATED_FORMS"],"fullName":"CURATED_FORMS maps \"frappe\" to STRIKE","status":"passed","title":"maps \"frappe\" to STRIKE","duration":0.3292999999998756,"failureMessages":[],"meta":{}},{"ancestorTitles":["CURATED_FORMS"],"fullName":"CURATED_FORMS maps \"examine\" to EXAMINE","status":"passed","title":"maps \"examine\" to EXAMINE","duration":1.846900000000005,"failureMessages":[],"meta":{}},{"ancestorTitles":["CURATED_FORMS"],"fullName":"CURATED_FORMS maps \"ouvre\" to OPEN","status":"passed","title":"maps \"ouvre\" to OPEN","duration":0.65949999999998,"failureMessages":[],"meta":{}},{"ancestorTitles":["CURATED_FORMS"],"fullName":"CURATED_FORMS maps \"pirate\" to HACK","status":"passed","title":"maps \"pirate\" to HACK","duration":0.43010000000003856,"failureMessages":[],"meta":{}},{"ancestorTitles":["COMPOUND_PATTERNS"],"fullName":"COMPOUND_PATTERNS has at least 20 patterns","status":"passed","title":"has at least 20 patterns","duration":0.525000000000091,"failureMessages":[],"meta":{}},{"ancestorTitles":["COMPOUND_PATTERNS"],"fullName":"COMPOUND_PATTERNS is sorted by token count descending","status":"passed","title":"is sorted by token count descending","duration":2.7964999999999236,"failureMessages":[],"meta":{}},{"ancestorTitles":["COMPOUND_PATTERNS"],"fullName":"COMPOUND_PATTERNS all verb values are valid VerbIds","status":"passed","title":"all verb values are valid VerbIds","duration":2.2491999999999734,"failureMessages":[],"meta":{}},{"ancestorTitles":["COMPOUND_PATTERNS"],"fullName":"COMPOUND_PATTERNS contains \"tirer sur\" → SHOOT","status":"passed","title":"contains \"tirer sur\" → SHOOT","duration":0.5842000000000098,"failureMessages":[],"meta":{}},{"ancestorTitles":["COMPOUND_PATTERNS"],"fullName":"COMPOUND_PATTERNS contains \"se cacher\" → HIDE","status":"passed","title":"contains \"se cacher\" → HIDE","duration":0.3605999999999767,"failureMessages":[],"meta":{}},{"ancestorTitles":["matchVerb()"],"fullName":"matchVerb() strategy 1: exact alias match for \"frapper\"","status":"passed","title":"strategy 1: exact alias match for \"frapper\"","duration":3.5094000000001415,"failureMessages":[],"meta":{}},{"ancestorTitles":["matchVerb()"],"fullName":"matchVerb() strategy 2: curated form \"frappe\" → STRIKE","status":"passed","title":"strategy 2: curated form \"frappe\" → STRIKE","duration":1.0641000000000531,"failureMessages":[],"meta":{}},{"ancestorTitles":["matchVerb()"],"fullName":"matchVerb() strategy 5: compound \"tirer sur\" → SHOOT","status":"passed","title":"strategy 5: compound \"tirer sur\" → SHOOT","duration":0.5371999999999844,"failureMessages":[],"meta":{}},{"ancestorTitles":["matchVerb()"],"fullName":"matchVerb() strategy 5: compound \"se cacher\" → HIDE","status":"passed","title":"strategy 5: compound \"se cacher\" → HIDE","duration":0.40409999999997126,"failureMessages":[],"meta":{}},{"ancestorTitles":["matchVerb()"],"fullName":"matchVerb() strategy 5: compound \"faire feu\" → SHOOT","status":"passed","title":"strategy 5: compound \"faire feu\" → SHOOT","duration":0.38429999999993925,"failureMessages":[],"meta":{}},{"ancestorTitles":["matchVerb()"],"fullName":"matchVerb() returns null for gibberish","status":"passed","title":"returns null for gibberish","duration":3.9021999999999935,"failureMessages":[],"meta":{}},{"ancestorTitles":["matchVerb()"],"fullName":"matchVerb() strategy 3 or 4: stemmed/prefix match for conjugated forms","status":"passed","title":"strategy 3 or 4: stemmed/prefix match for conjugated forms","duration":0.9953000000000429,"failureMessages":[],"meta":{}},{"ancestorTitles":["matchVerb()"],"fullName":"matchVerb() first token wins when multiple verbs match","status":"passed","title":"first token wins when multiple verbs match","duration":0.544399999999996,"failureMessages":[],"meta":{}},{"ancestorTitles":["matchVerb()"],"fullName":"matchVerb() strategy 2: \"attaquer\" → STRIKE (not TIE, regression)","status":"passed","title":"strategy 2: \"attaquer\" → STRIKE (not TIE, regression)","duration":0.772899999999936,"failureMessages":[],"meta":{}},{"ancestorTitles":["matchVerb()"],"fullName":"matchVerb() strategy 2: \"attaque\" → STRIKE","status":"passed","title":"strategy 2: \"attaque\" → STRIKE","duration":0.6548000000000229,"failureMessages":[],"meta":{}},{"ancestorTitles":["matchVerb()"],"fullName":"matchVerb() strategy 2: \"attaquez\" → STRIKE","status":"passed","title":"strategy 2: \"attaquez\" → STRIKE","duration":1.205699999999979,"failureMessages":[],"meta":{}},{"ancestorTitles":["generateReformulation()"],"fullName":"generateReformulation() returns a reformulation object","status":"passed","title":"returns a reformulation object","duration":3.703999999999951,"failureMessages":[],"meta":{}},{"ancestorTitles":["generateReformulation()"],"fullName":"generateReformulation() produces fallback verbs when no partial match","status":"passed","title":"produces fallback verbs when no partial match","duration":1.8495000000000346,"failureMessages":[],"meta":{}},{"ancestorTitles":["generateReformulation()"],"fullName":"generateReformulation() has a French prompt","status":"passed","title":"has a French prompt","duration":1.003400000000056,"failureMessages":[],"meta":{}},{"ancestorTitles":["parseAction()"],"fullName":"parseAction() parses \"frapper le robot\"","status":"passed","title":"parses \"frapper le robot\"","duration":2.833499999999958,"failureMessages":[],"meta":{}},{"ancestorTitles":["parseAction()"],"fullName":"parseAction() parses \"examiner la porte\"","status":"passed","title":"parses \"examiner la porte\"","duration":0.8833999999999378,"failureMessages":[],"meta":{}},{"ancestorTitles":["parseAction()"],"fullName":"parseAction() parses \"ouvrir le sas\" as OPEN or UNLOCK","status":"passed","title":"parses \"ouvrir le sas\" as OPEN or UNLOCK","duration":0.80600000000004,"failureMessages":[],"meta":{}},{"ancestorTitles":["parseAction()"],"fullName":"parseAction() parses \"tirer sur le robot\" as SHOOT compound","status":"passed","title":"parses \"tirer sur le robot\" as SHOOT compound","duration":0.814200000000028,"failureMessages":[],"meta":{}},{"ancestorTitles":["parseAction()"],"fullName":"parseAction() parses \"attendre\" as WAIT","status":"passed","title":"parses \"attendre\" as WAIT","duration":0.7899999999999636,"failureMessages":[],"meta":{}},{"ancestorTitles":["parseAction()"],"fullName":"parseAction() parses \"se cacher\" as HIDE","status":"passed","title":"parses \"se cacher\" as HIDE","duration":0.7282000000000153,"failureMessages":[],"meta":{}},{"ancestorTitles":["parseAction()"],"fullName":"parseAction() returns reformulation for gibberish","status":"passed","title":"returns reformulation for gibberish","duration":2.9118000000000848,"failureMessages":[],"meta":{}},{"ancestorTitles":["parseAction()"],"fullName":"parseAction() returns reformulation for empty string","status":"passed","title":"returns reformulation for empty string","duration":0.24969999999984793,"failureMessages":[],"meta":{}},{"ancestorTitles":["parseAction()"],"fullName":"parseAction() returns reformulation for whitespace-only","status":"passed","title":"returns reformulation for whitespace-only","duration":0.1775000000000091,"failureMessages":[],"meta":{}},{"ancestorTitles":["parseAction()"],"fullName":"parseAction() preserves rawInput in result","status":"passed","title":"preserves rawInput in result","duration":0.635300000000143,"failureMessages":[],"meta":{}},{"ancestorTitles":["parseAction()"],"fullName":"parseAction() tokens are lowercase and accent-free","status":"passed","title":"tokens are lowercase and accent-free","duration":0.9565999999999804,"failureMessages":[],"meta":{}},{"ancestorTitles":["parseAction()"],"fullName":"parseAction() detects creative action when different from suggestions","status":"passed","title":"detects creative action when different from suggestions","duration":0.7708999999999833,"failureMessages":[],"meta":{}},{"ancestorTitles":["parseAction()"],"fullName":"parseAction() parses \"pirater la porte\" as HACK","status":"passed","title":"parses \"pirater la porte\" as HACK","duration":0.6656000000000404,"failureMessages":[],"meta":{}},{"ancestorTitles":["parseAction()"],"fullName":"parseAction() handles accented input: \"écouter\"","status":"passed","title":"handles accented input: \"écouter\"","duration":0.6378000000001975,"failureMessages":[],"meta":{}}],"startTime":1771775073530,"endTime":1771775073643.6377,"status":"passed","message":"","name":"C:/dev/void_walker/tests/unit/engine/parser.test.ts"},{"assertionResults":[{"ancestorTitles":["BODY_PARTS"],"fullName":"BODY_PARTS defines at least 5 body parts","status":"passed","title":"defines at least 5 body parts","duration":3.011399999999867,"failureMessages":[],"meta":{}},{"ancestorTitles":["BODY_PARTS"],"fullName":"BODY_PARTS each body part has required fields","status":"passed","title":"each body part has required fields","duration":2.804600000000164,"failureMessages":[],"meta":{}},{"ancestorTitles":["BODY_PARTS"],"fullName":"BODY_PARTS contains standard parts: arm, head, leg","status":"passed","title":"contains standard parts: arm, head, leg","duration":0.8567000000000462,"failureMessages":[],"meta":{}},{"ancestorTitles":["BODY_PARTS"],"fullName":"BODY_PARTS alien parts: claw, tail, antenna","status":"passed","title":"alien parts: claw, tail, antenna","duration":0.4977999999998701,"failureMessages":[],"meta":{}},{"ancestorTitles":["resolveBodyPart()"],"fullName":"resolveBodyPart() resolves \"tete\" of xenomorph","status":"passed","title":"resolves \"tete\" of xenomorph","duration":1.9199999999998454,"failureMessages":[],"meta":{}},{"ancestorTitles":["resolveBodyPart()"],"fullName":"resolveBodyPart() virtual body part inherits NPC material properties","status":"passed","title":"virtual body part inherits NPC material properties","duration":3.031500000000051,"failureMessages":[],"meta":{}},{"ancestorTitles":["resolveBodyPart()"],"fullName":"resolveBodyPart() returns null when no body part found","status":"passed","title":"returns null when no body part found","duration":0.3648000000000593,"failureMessages":[],"meta":{}},{"ancestorTitles":["resolveBodyPart()"],"fullName":"resolveBodyPart() returns null when no matching NPC","status":"passed","title":"returns null when no matching NPC","duration":0.4912000000001626,"failureMessages":[],"meta":{}},{"ancestorTitles":["resolveBodyPart()"],"fullName":"resolveBodyPart() alien body part \"griffe\" resolved on xenomorph","status":"passed","title":"alien body part \"griffe\" resolved on xenomorph","duration":1.7471000000000458,"failureMessages":[],"meta":{}},{"ancestorTitles":["resolveTarget()"],"fullName":"resolveTarget() resolves inventory item by name","status":"passed","title":"resolves inventory item by name","duration":5.823399999999992,"failureMessages":[],"meta":{}},{"ancestorTitles":["resolveTarget()"],"fullName":"resolveTarget() resolves NPC by alias","status":"passed","title":"resolves NPC by alias","duration":3.649800000000141,"failureMessages":[],"meta":{}},{"ancestorTitles":["resolveTarget()"],"fullName":"resolveTarget() resolves environment feature by alias","status":"passed","title":"resolves environment feature by alias","duration":0.9628000000000156,"failureMessages":[],"meta":{}},{"ancestorTitles":["resolveTarget()"],"fullName":"resolveTarget() resolves environment feature by secondary alias","status":"passed","title":"resolves environment feature by secondary alias","duration":0.7380999999998039,"failureMessages":[],"meta":{}},{"ancestorTitles":["resolveTarget()"],"fullName":"resolveTarget() returns null for intransitive verb with no tokens","status":"passed","title":"returns null for intransitive verb with no tokens","duration":0.2882999999999356,"failureMessages":[],"meta":{}},{"ancestorTitles":["resolveTarget()"],"fullName":"resolveTarget() falls back to abstract target for unrecognized transitive verb target","status":"passed","title":"falls back to abstract target for unrecognized transitive verb target","duration":1.4427999999998065,"failureMessages":[],"meta":{}},{"ancestorTitles":["resolveTarget()"],"fullName":"resolveTarget() inventory takes priority over location items with same name","status":"passed","title":"inventory takes priority over location items with same name","duration":0.7845999999999549,"failureMessages":[],"meta":{}},{"ancestorTitles":["resolveTarget()"],"fullName":"resolveTarget() resolves connected location for movement verbs","status":"passed","title":"resolves connected location for movement verbs","duration":0.644800000000032,"failureMessages":[],"meta":{}},{"ancestorTitles":["resolveTarget()"],"fullName":"resolveTarget() filters out verb alias tokens from target matching","status":"passed","title":"filters out verb alias tokens from target matching","duration":0.8605999999999767,"failureMessages":[],"meta":{}},{"ancestorTitles":["resolveTarget()"],"fullName":"resolveTarget() filters out conjugated verb forms from target matching","status":"passed","title":"filters out conjugated verb forms from target matching","duration":0.6172999999998865,"failureMessages":[],"meta":{}},{"ancestorTitles":["resolveTarget() — French alias support"],"fullName":"resolveTarget() — French alias support resolves \"ia\" to station_ai","status":"passed","title":"resolves \"ia\" to station_ai","duration":0.6688999999998941,"failureMessages":[],"meta":{}},{"ancestorTitles":["resolveTarget() — French alias support"],"fullName":"resolveTarget() — French alias support resolves \"membre equipage\" to parasitized_crewmember","status":"passed","title":"resolves \"membre equipage\" to parasitized_crewmember","duration":1.1784999999999854,"failureMessages":[],"meta":{}},{"ancestorTitles":["resolveTarget() — French alias support"],"fullName":"resolveTarget() — French alias support resolves \"mec\" to an NPC (android or crewmember)","status":"passed","title":"resolves \"mec\" to an NPC (android or crewmember)","duration":3.4710000000000036,"failureMessages":[],"meta":{}},{"ancestorTitles":["resolveTarget() — French alias support"],"fullName":"resolveTarget() — French alias support resolves \"alien\" to xenomorph","status":"passed","title":"resolves \"alien\" to xenomorph","duration":1.221900000000005,"failureMessages":[],"meta":{}},{"ancestorTitles":["resolveTarget() — French alias support"],"fullName":"resolveTarget() — French alias support resolves \"porte blindee\" to blast_door","status":"passed","title":"resolves \"porte blindee\" to blast_door","duration":2.0744999999999436,"failureMessages":[],"meta":{}},{"ancestorTitles":["resolveTarget() — French alias support"],"fullName":"resolveTarget() — French alias support resolves \"camera\" to security_camera","status":"passed","title":"resolves \"camera\" to security_camera","duration":2.2444000000000415,"failureMessages":[],"meta":{}},{"ancestorTitles":["resolveTarget() — French alias support"],"fullName":"resolveTarget() — French alias support resolves \"armoire\" to supply_locker","status":"passed","title":"resolves \"armoire\" to supply_locker","duration":1.8169000000000324,"failureMessages":[],"meta":{}},{"ancestorTitles":["resolveTarget() — French alias support"],"fullName":"resolveTarget() — French alias support resolves item with aliases field","status":"passed","title":"resolves item with aliases field","duration":2.4203999999999724,"failureMessages":[],"meta":{}},{"ancestorTitles":["resolveTarget() — French alias support"],"fullName":"resolveTarget() — French alias support resolves \"airlock\" to an airlock feature, not station_ai (regression)","status":"passed","title":"resolves \"airlock\" to an airlock feature, not station_ai (regression)","duration":5.189100000000053,"failureMessages":[],"meta":{}},{"ancestorTitles":["resolveTarget() — French alias support"],"fullName":"resolveTarget() — French alias support resolves \"camera securite\" to security_camera, not security_robot (regression)","status":"failed","title":"resolves \"camera securite\" to security_camera, not security_robot (regression)","duration":31.581100000000106,"failureMessages":["AssertionError: expected 'security_robot' not to be 'security_robot' // Object.is equality\n    at C:\\dev\\void_walker\\tests\\unit\\engine\\resolver.test.ts:328:28\n    at file:///C:/dev/void_walker/node_modules/@vitest/runner/dist/chunk-hooks.js:155:11\n    at file:///C:/dev/void_walker/node_modules/@vitest/runner/dist/chunk-hooks.js:752:26\n    at file:///C:/dev/void_walker/node_modules/@vitest/runner/dist/chunk-hooks.js:1897:20\n    at new Promise (<anonymous>)\n    at runWithTimeout (file:///C:/dev/void_walker/node_modules/@vitest/runner/dist/chunk-hooks.js:1863:10)\n    at runTest (file:///C:/dev/void_walker/node_modules/@vitest/runner/dist/chunk-hooks.js:1574:12)\n    at processTicksAndRejections (node:internal/process/task_queues:105:5)\n    at runSuite (file:///C:/dev/void_walker/node_modules/@vitest/runner/dist/chunk-hooks.js:1729:8)\n    at runSuite (file:///C:/dev/void_walker/node_modules/@vitest/runner/dist/chunk-hooks.js:1729:8)"],"meta":{}},{"ancestorTitles":["resolveTarget() — body-part before NPC (regression)"],"fullName":"resolveTarget() — body-part before NPC (regression) \"tete robot\" → security_robot_head (not security_robot)","status":"passed","title":"\"tete robot\" → security_robot_head (not security_robot)","duration":0.7819999999999254,"failureMessages":[],"meta":{}},{"ancestorTitles":["resolveTarget() — body-part before NPC (regression)"],"fullName":"resolveTarget() — body-part before NPC (regression) \"griffe alien\" → xenomorph_claw (not xenomorph)","status":"passed","title":"\"griffe alien\" → xenomorph_claw (not xenomorph)","duration":0.6852999999998701,"failureMessages":[],"meta":{}},{"ancestorTitles":["resolveTarget() — body-part before NPC (regression)"],"fullName":"resolveTarget() — body-part before NPC (regression) \"robot\" alone → security_robot (whole NPC)","status":"passed","title":"\"robot\" alone → security_robot (whole NPC)","duration":0.5723000000000411,"failureMessages":[],"meta":{}}],"startTime":1771775073425,"endTime":1771775073511.6853,"status":"failed","message":"","name":"C:/dev/void_walker/tests/unit/engine/resolver.test.ts"},{"assertionResults":[{"ancestorTitles":["stress: all verbs × all synthetic items"],"fullName":"stress: all verbs × all synthetic items generates 7000 synthetic items","status":"passed","title":"generates 7000 synthetic items","duration":10.589099999999917,"failureMessages":[],"meta":{}},{"ancestorTitles":["stress: all verbs × all synthetic items"],"fullName":"stress: all verbs × all synthetic items runs 77 × 7000 = 539000+ compatibility checks without throwing","status":"passed","title":"runs 77 × 7000 = 539000+ compatibility checks without throwing","duration":797.5137999999997,"failureMessages":[],"meta":{}},{"ancestorTitles":["stress: all verbs × all synthetic items"],"fullName":"stress: all verbs × all synthetic items auto verbs remain auto regardless of target properties","status":"passed","title":"auto verbs remain auto regardless of target properties","duration":51.88239999999996,"failureMessages":[],"meta":{}},{"ancestorTitles":["stress: all verbs × all synthetic items"],"fullName":"stress: all verbs × all synthetic items all penalties are within [0, maxPenalty] range","status":"passed","title":"all penalties are within [0, maxPenalty] range","duration":369.0368999999996,"failureMessages":[],"meta":{}}],"startTime":1771775073557,"endTime":1771775074787.0369,"status":"passed","message":"","name":"C:/dev/void_walker/tests/stress/allVerbsAllItems.test.ts"},{"assertionResults":[{"ancestorTitles":["stress: 5000 fuzzed parser inputs"],"fullName":"stress: 5000 fuzzed parser inputs generates 5000 fuzz inputs","status":"passed","title":"generates 5000 fuzz inputs","duration":3.4977000000001226,"failureMessages":[],"meta":{}},{"ancestorTitles":["stress: 5000 fuzzed parser inputs"],"fullName":"stress: 5000 fuzzed parser inputs normalizeInput never throws on any fuzzed input","status":"passed","title":"normalizeInput never throws on any fuzzed input","duration":42.769599999999855,"failureMessages":[],"meta":{}},{"ancestorTitles":["stress: 5000 fuzzed parser inputs"],"fullName":"stress: 5000 fuzzed parser inputs parseAction never throws on any fuzzed input","status":"passed","title":"parseAction never throws on any fuzzed input","duration":2825.6629000000003,"failureMessages":[],"meta":{}},{"ancestorTitles":["stress: 5000 fuzzed parser inputs"],"fullName":"stress: 5000 fuzzed parser inputs each parseAction completes in <50ms","status":"passed","title":"each parseAction completes in <50ms","duration":2329.5443000000005,"failureMessages":[],"meta":{}},{"ancestorTitles":["stress: 5000 fuzzed parser inputs"],"fullName":"stress: 5000 fuzzed parser inputs resolveTarget never throws on any fuzzed input","status":"passed","title":"resolveTarget never throws on any fuzzed input","duration":2890.558499999999,"failureMessages":[],"meta":{}},{"ancestorTitles":["stress: 5000 fuzzed parser inputs"],"fullName":"stress: 5000 fuzzed parser inputs calculateDifficulty never throws on parsed actions","status":"passed","title":"calculateDifficulty never throws on parsed actions","duration":353.2559000000001,"failureMessages":[],"meta":{}},{"ancestorTitles":["stress: 5000 fuzzed parser inputs"],"fullName":"stress: 5000 fuzzed parser inputs all 77 verbs are matchable via at least one input strategy","status":"passed","title":"all 77 verbs are matchable via at least one input strategy","duration":2.7551000000003114,"failureMessages":[],"meta":{}}],"startTime":1771775073690,"endTime":1771775082139.7551,"status":"passed","message":"","name":"C:/dev/void_walker/tests/stress/parserFuzzing.test.ts"}]}